2026-01-22 13:34:57.079 - DBeaver 25.3.3.202601181752 is starting
2026-01-22 13:34:57.081 - OS: Windows 11 10.0 (amd64)
2026-01-22 13:34:57.081 - Java version: 21.0.8 by Eclipse Adoptium (64bit)
2026-01-22 13:34:57.081 - Install path: 'C:\Users\adminn\AppData\Local\DBeaver'
2026-01-22 13:34:57.081 - Instance path: 'file:/C:/study/2.Database/'
2026-01-22 13:34:57.083 - Memory available 64Mb/1024Mb
2026-01-22 13:34:57.094 - Create display
2026-01-22 13:34:57.187 - Initialize desktop platform...
2026-01-22 13:34:57.313 - BounceCastle bundle found. Use JCE provider BC
> Start Core File Systems [org.eclipse.core.filesystem 1.11.400.v20251107-0507]
> Start Core Resource Management [org.eclipse.core.resources 3.23.100.v20251106-1705]
> Start 팀 지원 핵심 [org.eclipse.team.core 3.10.900.v20251104-0924]
> Start DBeaver UI Navigator [org.jkiss.dbeaver.ui.navigator 1.0.171.202601181752]
2026-01-22 13:34:57.480 - Initialize base platform...
2026-01-22 13:34:57.490 - send collected statistics
2026-01-22 13:34:57.502 - Platform initialized (315ms)
> Start Equinox Java Authentication and Authorization Service (JAAS) [org.eclipse.equinox.security 1.4.700.v20250622-1644]
> Start 인터넷 연결 관리 사용자 인터페이스 [org.eclipse.ui.net 1.5.500.v20250611-0855]
> Start Internet Connection Management [org.eclipse.core.net 1.5.800.v20250613-1119]
2026-01-22 13:34:57.602 - Proxy service 'org.eclipse.core.net.proxy.IProxyService' loaded
2026-01-22 13:34:57.858 - Error accessing instance server: java.net.ConnectException
2026-01-22 13:34:57.872 - Starting instance server at http://localhost:52614
2026-01-22 13:34:57.878 - Run workbench
> Start Eclipse e4 작업영역 SWT [org.eclipse.e4.ui.workbench.swt 0.17.1000.v20251023-0611]
> Start Eclipse Application Services [org.eclipse.e4.core.services 2.5.300.v20251112-1253]
> Start Eclipse UI Application Services [org.eclipse.e4.ui.services 1.6.600.v20251023-1358]
> Start Eclipse e4 Progress View [org.eclipse.e4.ui.progress 0.4.900.v20251023-1511]
> Start Eclipse Bindings Support [org.eclipse.e4.ui.bindings 0.14.800.v20250916-0937]
> Start Eclipse e4 core commands [org.eclipse.e4.core.commands 1.1.700.v20250916-0927]
> Start EMF XML/XMI Persistence [org.eclipse.emf.ecore.xmi 2.39.0.v20250910-1205]
> Start Eclipse CSS SWT Theme Support [org.eclipse.e4.ui.css.swt.theme 0.14.600.v20251023-0615]
> Start Eclipse e4 작업영역 기능 추가 [org.eclipse.e4.ui.workbench.addons.swt 1.5.900.v20251007-0832]
Warning: NLS unused message: WorkbenchPreference_reuseEditorsThreshold in: org.eclipse.ui.internal.messages
Warning: NLS unused message: 이유 in: org.eclipse.ui.internal.messages
> Start Eclipse e4 작업영역 SWT 렌더러 [org.eclipse.e4.ui.workbench.renderers.swt 0.16.1000.v20251114-0005]
> Start Eclipse Dependency Injection Extensions [org.eclipse.e4.core.di.extensions 0.18.300.v20240413-1529]
> Start DBeaver AI Model [org.jkiss.dbeaver.model.ai 2.0.14.202601181752]
> Start DBeaver AI UI [org.jkiss.dbeaver.ui.ai 1.0.73.202601181752]
> Start Eclipse CSS SWT Support [org.eclipse.e4.ui.css.swt 0.15.700.v20251023-1511]
> Start JFace 텍스트 [org.eclipse.jface.text 3.29.0.v20251112-0859]
2026-01-22 13:34:59.277 - Configure workbench window
> Start DBeaver SQL Model [org.jkiss.dbeaver.model.sql 1.0.161.202601181752]
2026-01-22 13:34:59.401 - Total database drivers: 127 (127)
> Start 도움말 시스템 코어 [org.eclipse.help 3.10.600.v20250613-0437]
2026-01-22 13:34:59.461 - Create actions
2026-01-22 13:34:59.889 - Initialize workbench window
2026-01-22 13:34:59.903 - Finish initialization
> Start 기본 문서 편집기 [org.eclipse.ui.editors 3.20.200.v20251125-0939]
> Start 텍스트 편집기 프레임워크 [org.eclipse.ui.workbench.texteditor 3.19.400.v20251105-0815]
> Start DBeaver UI Editors - Data [org.jkiss.dbeaver.ui.editors.data 1.0.171.202601181752]
> Start DBeaver UI Editors - SQL [org.jkiss.dbeaver.ui.editors.sql 1.0.171.202601181752]
Warning: NLS unused message: FindReplace_RegExCheckbox_label in: org.eclipse.ui.texteditor.EditorMessages
Warning: NLS unused message: FindReplace_WrapCheckBox_label in: org.eclipse.ui.texteditor.EditorMessages
Warning: NLS unused message: FindReplace_IncrementalCheckBox_label in: org.eclipse.ui.texteditor.EditorMessages
Warning: NLS unused message: FindReplace_Options in: org.eclipse.ui.texteditor.EditorMessages
Warning: NLS unused message: FindReplace_ReplaceSelectionButton_label in: org.eclipse.ui.texteditor.EditorMessages
Warning: NLS unused message: FindReplace_SelectedRangeRadioButton_label in: org.eclipse.ui.texteditor.EditorMessages
Warning: NLS unused message: FindReplace_SelectAllButton_label in: org.eclipse.ui.texteditor.EditorMessages
Warning: NLS unused message: FindReplace_GlobalRadioButton_label in: org.eclipse.ui.texteditor.EditorMessages
Warning: NLS unused message: FindReplace_WholeWordCheckBox_label in: org.eclipse.ui.texteditor.EditorMessages
Warning: NLS unused message: FindReplace_ReplaceFindButton_label in: org.eclipse.ui.texteditor.EditorMessages
Warning: NLS unused message: FindReplace_BackwardRadioButton_label in: org.eclipse.ui.texteditor.EditorMessages
Warning: NLS unused message: FindReplace_CloseButton_label in: org.eclipse.ui.texteditor.EditorMessages
Warning: NLS unused message: FindReplace_Replace_label in: org.eclipse.ui.texteditor.EditorMessages
Warning: NLS unused message: FindReplace_CaseCheckBox_label in: org.eclipse.ui.texteditor.EditorMessages
Warning: NLS unused message: FindReplace_Status_replacements_label in: org.eclipse.ui.texteditor.EditorMessages
Warning: NLS unused message: FindReplace_title in: org.eclipse.ui.texteditor.EditorMessages
Warning: NLS unused message: FindReplace_Direction in: org.eclipse.ui.texteditor.EditorMessages
Warning: NLS unused message: FindReplace_ReplaceAllButton_label in: org.eclipse.ui.texteditor.EditorMessages
Warning: NLS unused message: FindReplace_Scope in: org.eclipse.ui.texteditor.EditorMessages
Warning: NLS unused message: FindReplace_Find_label in: org.eclipse.ui.texteditor.EditorMessages
Warning: NLS unused message: FindReplace_ForwardRadioButton_label in: org.eclipse.ui.texteditor.EditorMessages
Warning: NLS unused message: FindReplace_FindNextButton_label in: org.eclipse.ui.texteditor.EditorMessages
> Start DBeaver SQL Terminal [org.jkiss.dbeaver.ui.editors.sql.terminal 1.0.147.202601181752]
2026-01-22 13:35:00.505 - Open [https://stats.dbeaver.com/send-statistics?session=be8897c3-b924-45cc-b8c9-e4bf9e8d2689&time=1769056410]
> Start 핵심 비교 지원 [org.eclipse.compare.core 3.8.800.v20250718-1505]
2026-01-22 13:35:01.106 - Error sending statistics file 'C:\study\2.Database\.metadata\.activity-logs\1769056410_be8897c3-b924-45cc-b8c9-e4bf9e8d2689.log'.
javax.net.ssl.SSLHandshakeException: PKIX path building failed: sun.security.provider.certpath.SunCertPathBuilderException: unable to find valid certification path to requested target
	at java.base/sun.security.ssl.Alert.createSSLException(Alert.java:130)
	at java.base/sun.security.ssl.TransportContext.fatal(TransportContext.java:383)
	at java.base/sun.security.ssl.TransportContext.fatal(TransportContext.java:326)
	at java.base/sun.security.ssl.TransportContext.fatal(TransportContext.java:321)
	at java.base/sun.security.ssl.CertificateMessage$T13CertificateConsumer.checkServerCerts(CertificateMessage.java:1327)
	at java.base/sun.security.ssl.CertificateMessage$T13CertificateConsumer.onConsumeCertificate(CertificateMessage.java:1204)
	at java.base/sun.security.ssl.CertificateMessage$T13CertificateConsumer.consume(CertificateMessage.java:1147)
	at java.base/sun.security.ssl.SSLHandshake.consume(SSLHandshake.java:393)
	at java.base/sun.security.ssl.HandshakeContext.dispatch(HandshakeContext.java:476)
	at java.base/sun.security.ssl.HandshakeContext.dispatch(HandshakeContext.java:447)
	at java.base/sun.security.ssl.TransportContext.dispatch(TransportContext.java:206)
	at java.base/sun.security.ssl.SSLTransport.decode(SSLTransport.java:172)
	at java.base/sun.security.ssl.SSLSocketImpl.decode(SSLSocketImpl.java:1506)
	at java.base/sun.security.ssl.SSLSocketImpl.readHandshakeRecord(SSLSocketImpl.java:1421)
	at java.base/sun.security.ssl.SSLSocketImpl.startHandshake(SSLSocketImpl.java:455)
	at java.base/sun.security.ssl.SSLSocketImpl.startHandshake(SSLSocketImpl.java:426)
	at java.base/sun.net.www.protocol.https.HttpsClient.afterConnect(HttpsClient.java:586)
	at java.base/sun.net.www.protocol.https.AbstractDelegateHttpsURLConnection.connect(AbstractDelegateHttpsURLConnection.java:187)
	at java.base/sun.net.www.protocol.http.HttpURLConnection.getOutputStream0(HttpURLConnection.java:1462)
	at java.base/sun.net.www.protocol.http.HttpURLConnection.getOutputStream(HttpURLConnection.java:1433)
	at java.base/sun.net.www.protocol.https.HttpsURLConnectionImpl.getOutputStream(HttpsURLConnectionImpl.java:219)
	at org.jkiss.dbeaver.ui.statistics.StatisticsTransmitter.sendLogFile(StatisticsTransmitter.java:149)
	at org.jkiss.dbeaver.ui.statistics.StatisticsTransmitter.sendStatistics(StatisticsTransmitter.java:110)
	at org.jkiss.dbeaver.ui.statistics.StatisticsTransmitter$1.run(StatisticsTransmitter.java:70)
	at org.jkiss.dbeaver.model.runtime.AbstractJob.run(AbstractJob.java:110)
	at org.eclipse.core.internal.jobs.Worker.run(Worker.java:63)
Caused by: sun.security.validator.ValidatorException: PKIX path building failed: sun.security.provider.certpath.SunCertPathBuilderException: unable to find valid certification path to requested target
	at java.base/sun.security.validator.PKIXValidator.doBuild(PKIXValidator.java:388)
	at java.base/sun.security.validator.PKIXValidator.engineValidate(PKIXValidator.java:271)
	at java.base/sun.security.validator.Validator.validate(Validator.java:256)
	at java.base/sun.security.ssl.X509TrustManagerImpl.checkTrusted(X509TrustManagerImpl.java:230)
	at java.base/sun.security.ssl.X509TrustManagerImpl.checkServerTrusted(X509TrustManagerImpl.java:132)
	at java.base/sun.security.ssl.CertificateMessage$T13CertificateConsumer.checkServerCerts(CertificateMessage.java:1311)
	... 21 more
Caused by: sun.security.provider.certpath.SunCertPathBuilderException: unable to find valid certification path to requested target
	at java.base/sun.security.provider.certpath.SunCertPathBuilder.build(SunCertPathBuilder.java:148)
	at java.base/sun.security.provider.certpath.SunCertPathBuilder.engineBuild(SunCertPathBuilder.java:129)
	at java.base/java.security.cert.CertPathBuilder.build(CertPathBuilder.java:297)
	at java.base/sun.security.validator.PKIXValidator.doBuild(PKIXValidator.java:383)
	... 26 more
> Start DBeaver Sample Database [org.jkiss.dbeaver.ui.config.sample 1.0.208.202601181752]
> Start DBeaver Dashboard UI [org.jkiss.dbeaver.ui.dashboard 1.0.168.202601181752]
> Start GEF Classic Draw2d [org.eclipse.draw2d 3.21.0.202512020742]
> Start GEF Classic GEF (MVC) [org.eclipse.gef 3.24.0.202511201732]
> Start DBeaver ERD UI [org.jkiss.dbeaver.ui.editors.erd 3.1.12.202601181752]
> Start DBeaver ERD Model [org.jkiss.dbeaver.model.erd 1.1.12.202601181752]
> Start DBeaver JDBC Model [org.jkiss.dbeaver.model.jdbc 1.0.64.202601181752]
> Start DBeaver MySQL Support [org.jkiss.dbeaver.ext.mysql 2.1.256.202601181752]
> Start 콘솔 [org.eclipse.ui.console 3.15.0.v20251113-1013]
> Start 디버그 핵심 [org.eclipse.debug.core 3.23.200.v20251107-0507]
> Start DBeaver Tasks - Native Tools UI [org.jkiss.dbeaver.tasks.native.ui 1.0.149.202601181752]
> Start DBeaver MySQL UI Support [org.jkiss.dbeaver.ext.mysql.ui 1.0.163.202601181752]
> Start DBeaver Tasks - General UI [org.jkiss.dbeaver.tasks.ui 1.0.149.202601181752]
2026-01-22 13:35:02.646 - Connect with 'localhost' (mysql8-19be336d79c-6c875813ec744b9d)
2026-01-22 13:35:02.669 - Execution context opened (localhost; Main; 0)
> Start DBeaver GIS Support [org.jkiss.dbeaver.data.gis 1.0.195.202601181752]
2026-01-22 13:35:02.826 - Execution context opened (localhost; Metadata; 1)
2026-01-22 13:35:02.880 - Connected (mysql8-19be336d79c-6c875813ec744b9d, MySQL Connector/J [mysql-connector-j-8.2.0 (Revision: 06a1f724497fd81c6a659131fda822c9e5085b6c)])
2026-01-22 13:35:02.969 - Execution context opened (localhost; SQLEditor <1. DML,DDL 정리.sql>; 2)
> Start DBeaver SQL Language Semantic Model [org.jkiss.dbeaver.model.lsm 1.0.66.202601181752]
2026-01-22 13:35:14.433 - Execution context opened (localhost; SQLEditor <Script-1.sql>; 3)
> Start DBeaver Data Transfer [org.jkiss.dbeaver.data.transfer 2.0.155.202601181752]
2026-01-22 14:34:40.143 - Error while analyzing query text: INSERT INTO member_pk(id) VALUES ('test')
java.lang.IllegalStateException: Rows data was not resolved yet
	at org.jkiss.dbeaver.model.sql.semantics.model.select.SQLQueryRowsSourceModel.getRowsDataContext(SQLQueryRowsSourceModel.java:52)
	at org.jkiss.dbeaver.model.sql.semantics.model.dml.SQLQueryInsertModel.resolveValueRelations(SQLQueryInsertModel.java:114)
	at org.jkiss.dbeaver.model.sql.semantics.model.SQLQueryModel.resolveRelations(SQLQueryModel.java:73)
	at org.jkiss.dbeaver.model.sql.semantics.SQLQueryModelRecognizer.recognizeQuery(SQLQueryModelRecognizer.java:154)
	at org.jkiss.dbeaver.model.sql.semantics.SQLQueryModelRecognizer.recognizeQuery(SQLQueryModelRecognizer.java:1026)
	at org.jkiss.dbeaver.ui.editors.sql.semantics.SQLBackgroundParsingJob.doWork(SQLBackgroundParsingJob.java:606)
	at org.jkiss.dbeaver.ui.editors.sql.semantics.SQLBackgroundParsingJob$1.run(SQLBackgroundParsingJob.java:86)
	at org.jkiss.dbeaver.model.runtime.AbstractJob.run(AbstractJob.java:110)
	at org.eclipse.core.internal.jobs.Worker.run(Worker.java:63)
2026-01-22 15:31:08.720 - Execution context opened (localhost; SQLEditor <Script-2.sql>; 4)
2026-01-22 15:54:52.250 - Execution context opened (localhost; SQLEditor <Script-2.sql>; 5)
2026-01-22 16:33:06.424 - Can't parse numeric value [titles] using formatter: For input string: "titles"
2026-01-22 16:33:06.424 - Can't parse numeric value [titles] using formatter: For input string: "titles"
2026-01-22 16:33:06.424 - Can't parse numeric value [titles] using formatter: For input string: "titles"
2026-01-22 16:33:06.425 - Can't parse numeric value [titles] using formatter: For input string: "titles"
2026-01-22 16:33:06.425 - Can't parse numeric value [titles] using formatter: For input string: "titles"
2026-01-22 16:33:11.287 - Can't parse numeric value [titles] using formatter: For input string: "titles"
2026-01-22 16:33:11.287 - Can't parse numeric value [titles] using formatter: For input string: "titles"
2026-01-22 16:33:11.288 - Can't parse numeric value [titles] using formatter: For input string: "titles"
2026-01-22 16:33:11.288 - Can't parse numeric value [titles] using formatter: For input string: "titles"
2026-01-22 16:33:11.288 - Can't parse numeric value [titles] using formatter: For input string: "titles"
2026-01-22 16:33:48.434 - Can't parse numeric value [titles] using formatter: For input string: "titles"
2026-01-22 16:33:48.435 - Can't parse numeric value [titles] using formatter: For input string: "titles"
2026-01-22 16:33:48.435 - Can't parse numeric value [titles] using formatter: For input string: "titles"
2026-01-22 16:33:48.435 - Can't parse numeric value [titles] using formatter: For input string: "titles"
2026-01-22 16:33:48.436 - Can't parse numeric value [titles] using formatter: For input string: "titles"
2026-01-22 16:34:00.261 - Can't parse numeric value [titles] using formatter: For input string: "titles"
2026-01-22 16:34:00.261 - Can't parse numeric value [titles] using formatter: For input string: "titles"
2026-01-22 16:34:00.261 - Can't parse numeric value [titles] using formatter: For input string: "titles"
2026-01-22 16:34:00.262 - Can't parse numeric value [titles] using formatter: For input string: "titles"
2026-01-22 16:34:00.262 - Can't parse numeric value [titles] using formatter: For input string: "titles"
2026-01-22 16:34:13.921 - Execution context opened (localhost; SQLEditor <Query>; 6)
2026-01-22 16:34:20.658 - Execution context closed (localhost, 6)
2026-01-22 16:45:45.695 - Error while analyzing query text: DELETE salaries
WHEREemp_no = 10013
java.lang.UnsupportedOperationException: Symbol entry origin has already been set
	at org.jkiss.dbeaver.model.sql.semantics.SQLQueryLexicalScopeItem.setOrigin(SQLQueryLexicalScopeItem.java:51)
	at org.jkiss.dbeaver.model.sql.semantics.SQLQuerySymbolEntry.setOrigin(SQLQuerySymbolEntry.java:90)
	at org.jkiss.dbeaver.model.sql.semantics.SQLQuerySemanticUtils.setNamePartsDefinition(SQLQuerySemanticUtils.java:158)
	at org.jkiss.dbeaver.model.sql.semantics.SQLQuerySemanticUtils.setNamePartsDefinition(SQLQuerySemanticUtils.java:125)
	at org.jkiss.dbeaver.model.sql.semantics.model.select.SQLQueryRowsTableDataModel.resolveRowSourcesImpl(SQLQueryRowsTableDataModel.java:170)
	at org.jkiss.dbeaver.model.sql.semantics.model.select.SQLQueryRowsSourceModel.resolveRowSources(SQLQueryRowsSourceModel.java:91)
	at org.jkiss.dbeaver.model.sql.semantics.model.select.SQLQueryRowsCorrelatedSourceModel.resolveRowSourcesImpl(SQLQueryRowsCorrelatedSourceModel.java:118)
	at org.jkiss.dbeaver.model.sql.semantics.model.select.SQLQueryRowsSourceModel.resolveRowSources(SQLQueryRowsSourceModel.java:91)
	at org.jkiss.dbeaver.model.sql.semantics.model.dml.SQLQueryDeleteModel.resolveRowsReferencesImpl(SQLQueryDeleteModel.java:91)
	at org.jkiss.dbeaver.model.sql.semantics.model.dml.SQLQueryDMLStatementModel.resolveObjectAndRowsReferences(SQLQueryDMLStatementModel.java:54)
	at org.jkiss.dbeaver.model.sql.semantics.model.SQLQueryModel.resolveRelations(SQLQueryModel.java:72)
	at org.jkiss.dbeaver.model.sql.semantics.SQLQueryModelRecognizer.recognizeQuery(SQLQueryModelRecognizer.java:154)
	at org.jkiss.dbeaver.model.sql.semantics.SQLQueryModelRecognizer.recognizeQuery(SQLQueryModelRecognizer.java:1026)
	at org.jkiss.dbeaver.ui.editors.sql.semantics.SQLBackgroundParsingJob.doWork(SQLBackgroundParsingJob.java:606)
	at org.jkiss.dbeaver.ui.editors.sql.semantics.SQLBackgroundParsingJob$1.run(SQLBackgroundParsingJob.java:86)
	at org.jkiss.dbeaver.model.runtime.AbstractJob.run(AbstractJob.java:110)
	at org.eclipse.core.internal.jobs.Worker.run(Worker.java:63)
2026-01-22 16:46:39.040 - Error while analyzing query text: DELETE salaries
WHEREemp_no = 10013
java.lang.UnsupportedOperationException: Symbol entry origin has already been set
	at org.jkiss.dbeaver.model.sql.semantics.SQLQueryLexicalScopeItem.setOrigin(SQLQueryLexicalScopeItem.java:51)
	at org.jkiss.dbeaver.model.sql.semantics.SQLQuerySymbolEntry.setOrigin(SQLQuerySymbolEntry.java:90)
	at org.jkiss.dbeaver.model.sql.semantics.SQLQuerySemanticUtils.setNamePartsDefinition(SQLQuerySemanticUtils.java:158)
	at org.jkiss.dbeaver.model.sql.semantics.SQLQuerySemanticUtils.setNamePartsDefinition(SQLQuerySemanticUtils.java:125)
	at org.jkiss.dbeaver.model.sql.semantics.model.select.SQLQueryRowsTableDataModel.resolveRowSourcesImpl(SQLQueryRowsTableDataModel.java:170)
	at org.jkiss.dbeaver.model.sql.semantics.model.select.SQLQueryRowsSourceModel.resolveRowSources(SQLQueryRowsSourceModel.java:91)
	at org.jkiss.dbeaver.model.sql.semantics.model.select.SQLQueryRowsCorrelatedSourceModel.resolveRowSourcesImpl(SQLQueryRowsCorrelatedSourceModel.java:118)
	at org.jkiss.dbeaver.model.sql.semantics.model.select.SQLQueryRowsSourceModel.resolveRowSources(SQLQueryRowsSourceModel.java:91)
	at org.jkiss.dbeaver.model.sql.semantics.model.dml.SQLQueryDeleteModel.resolveRowsReferencesImpl(SQLQueryDeleteModel.java:91)
	at org.jkiss.dbeaver.model.sql.semantics.model.dml.SQLQueryDMLStatementModel.resolveObjectAndRowsReferences(SQLQueryDMLStatementModel.java:54)
	at org.jkiss.dbeaver.model.sql.semantics.model.SQLQueryModel.resolveRelations(SQLQueryModel.java:72)
	at org.jkiss.dbeaver.model.sql.semantics.SQLQueryModelRecognizer.recognizeQuery(SQLQueryModelRecognizer.java:154)
	at org.jkiss.dbeaver.model.sql.semantics.SQLQueryModelRecognizer.recognizeQuery(SQLQueryModelRecognizer.java:1026)
	at org.jkiss.dbeaver.ui.editors.sql.semantics.SQLBackgroundParsingJob.doWork(SQLBackgroundParsingJob.java:606)
	at org.jkiss.dbeaver.ui.editors.sql.semantics.SQLBackgroundParsingJob$1.run(SQLBackgroundParsingJob.java:86)
	at org.jkiss.dbeaver.model.runtime.AbstractJob.run(AbstractJob.java:110)
	at org.eclipse.core.internal.jobs.Worker.run(Worker.java:63)
2026-01-22 17:33:04.886 - Execution context opened (localhost; SQLEditor <Script-3.sql>; 7)
2026-01-22 17:34:03.093 - Can't parse numeric value [DELETE] using formatter: For input string: "DELETE"
2026-01-22 17:34:03.094 - Can't parse numeric value [DELETE] using formatter: For input string: "DELETE"
2026-01-22 17:34:03.094 - Can't parse numeric value [DELETE] using formatter: For input string: "DELETE"
2026-01-22 17:34:03.095 - Can't parse numeric value [DELETE] using formatter: For input string: "DELETE"
2026-01-22 17:34:03.095 - Can't parse numeric value [DELETE] using formatter: For input string: "DELETE"
2026-01-22 17:45:32.994 - Can't parse numeric value [salary * 12 * 1.05 "인상 후 예상 연봉"] using formatter: For input string: "sala"
2026-01-22 17:45:32.995 - Can't parse numeric value [salary * 12 * 1.05 "인상 후 예상 연봉"] using formatter: For input string: "sala"
2026-01-22 17:45:32.997 - Can't parse numeric value [salary * 12 * 1.05 "인상 후 예상 연봉"] using formatter: For input string: "sala"
2026-01-22 17:45:32.998 - Can't parse numeric value [salary * 12 * 1.05 "인상 후 예상 연봉"] using formatter: For input string: "sala"
2026-01-22 17:45:32.998 - Can't parse numeric value [salary * 12 * 1.05 "인상 후 예상 연봉"] using formatter: For input string: "sala"
2026-01-22 17:45:34.247 - Can't parse numeric value [salary * 12 * 1.05 "인상 후 예상 연봉"] using formatter: For input string: "salary * 12 * 1.05 "인상 후 예상 연봉""
2026-01-22 17:45:34.247 - Can't parse numeric value [salary * 12 * 1.05 "인상 후 예상 연봉"] using formatter: For input string: "salary * 12 * 1.05 "인상 후 예상 연봉""
2026-01-22 17:45:34.248 - Can't parse numeric value [salary * 12 * 1.05 "인상 후 예상 연봉"] using formatter: For input string: "salary * 12 * 1.05 "인상 후 예상 연봉""
2026-01-22 17:45:34.249 - Can't parse numeric value [salary * 12 * 1.05 "인상 후 예상 연봉"] using formatter: For input string: "salary * 12 * 1.05 "인상 후 예상 연봉""
2026-01-22 17:45:34.249 - Can't parse numeric value [salary * 12 * 1.05 "인상 후 예상 연봉"] using formatter: For input string: "salary * 12 * 1.05 "인상 후 예상 연봉""
2026-01-22 17:45:38.233 - Can't parse numeric value [salary * 12 * 1.05 "인상 후 예상 연봉"] using formatter: For input string: "salary * 12 * 1.05 "인상 후 예상 연봉""
2026-01-22 17:45:38.233 - Can't parse numeric value [salary * 12 * 1.05 "인상 후 예상 연봉"] using formatter: For input string: "salary * 12 * 1.05 "인상 후 예상 연봉""
2026-01-22 17:45:38.234 - Can't parse numeric value [salary * 12 * 1.05 "인상 후 예상 연봉"] using formatter: For input string: "salary * 12 * 1.05 "인상 후 예상 연봉""
2026-01-22 17:45:38.235 - Can't parse numeric value [salary * 12 * 1.05 "인상 후 예상 연봉"] using formatter: For input string: "salary * 12 * 1.05 "인상 후 예상 연봉""
2026-01-22 17:45:38.236 - Can't parse numeric value [salary * 12 * 1.05 "인상 후 예상 연봉"] using formatter: For input string: "salary * 12 * 1.05 "인상 후 예상 연봉""
2026-01-22 17:45:43.585 - Can't parse numeric value [salary * 12 * 1.05 "인상 후 예상 연봉"] using formatter: For input string: "salary * 12 * 1.05 "인상 후 예상 연봉""
2026-01-22 17:45:43.585 - Can't parse numeric value [salary * 12 * 1.05 "인상 후 예상 연봉"] using formatter: For input string: "salary * 12 * 1.05 "인상 후 예상 연봉""
2026-01-22 17:45:43.586 - Can't parse numeric value [salary * 12 * 1.05 "인상 후 예상 연봉"] using formatter: For input string: "salary * 12 * 1.05 "인상 후 예상 연봉""
2026-01-22 17:45:43.587 - Can't parse numeric value [salary * 12 * 1.05 "인상 후 예상 연봉"] using formatter: For input string: "salary * 12 * 1.05 "인상 후 예상 연봉""
2026-01-22 17:45:43.587 - Can't parse numeric value [salary * 12 * 1.05 "인상 후 예상 연봉"] using formatter: For input string: "salary * 12 * 1.05 "인상 후 예상 연봉""
2026-01-22 17:59:28.227 - Can't parse numeric value [SELECT * FROM titles 
] using formatter: For input string: "SELEC"
2026-01-22 17:59:28.228 - Can't parse numeric value [SELECT * FROM titles 
] using formatter: For input string: "SELEC"
2026-01-22 17:59:28.228 - Can't parse numeric value [SELECT * FROM titles 
] using formatter: For input string: "SELEC"
2026-01-22 17:59:28.229 - Can't parse numeric value [SELECT * FROM titles 
] using formatter: For input string: "SELEC"
2026-01-22 17:59:28.229 - Can't parse numeric value [SELECT * FROM titles 
] using formatter: For input string: "SELEC"
2026-01-22 17:59:34.938 - Can't parse numeric value [SELECT * FROM titles 
] using formatter: For input string: "SELEC"
2026-01-22 17:59:34.939 - Can't parse numeric value [SELECT * FROM titles 
] using formatter: For input string: "SELEC"
2026-01-22 17:59:34.939 - Can't parse numeric value [SELECT * FROM titles 
] using formatter: For input string: "SELEC"
2026-01-22 17:59:34.939 - Can't parse numeric value [SELECT * FROM titles 
] using formatter: For input string: "SELEC"
2026-01-22 17:59:34.940 - Can't parse numeric value [SELECT * FROM titles 
] using formatter: For input string: "SELEC"
2026-01-22 18:03:14.884 - Can't parse numeric value [SELECT * FROM salaries 
WHERE salary >= 50000
AND salary <= 60000;
] using formatter: For input string: "SELECT "
2026-01-22 18:03:14.884 - Can't parse numeric value [SELECT * FROM salaries 
WHERE salary >= 50000
AND salary <= 60000;
] using formatter: For input string: "SELECT "
2026-01-22 18:03:14.885 - Can't parse numeric value [SELECT * FROM salaries 
WHERE salary >= 50000
AND salary <= 60000;
] using formatter: For input string: "SELECT "
2026-01-22 18:03:14.887 - Can't parse numeric value [SELECT * FROM salaries 
WHERE salary >= 50000
AND salary <= 60000;
] using formatter: For input string: "SELECT "
2026-01-22 18:03:14.888 - Can't parse numeric value [SELECT * FROM salaries 
WHERE salary >= 50000
AND salary <= 60000;
] using formatter: For input string: "SELECT "
2026-01-22 18:18:17.482 - Execution context opened (localhost; SQLEditor <Script.sql>; 8)
2026-01-22 18:18:39.899 - Execution context closed (localhost, 2)
2026-01-22 18:18:39.931 - Execution context closed (localhost, 3)
2026-01-22 18:18:39.971 - Execution context closed (localhost, 4)
2026-01-22 18:18:40.002 - Execution context closed (localhost, 5)
2026-01-22 18:18:40.048 - Execution context closed (localhost, 7)
2026-01-22 18:18:40.066 - Execution context closed (localhost, 8)
2026-01-22 18:18:40.185 - Dispose navigator model
2026-01-22 18:18:40.204 - DBeaver is stopping
2026-01-22 18:18:40.206 - Stop instance server
2026-01-22 18:18:41.212 - Instance server has been stopped
2026-01-22 18:18:41.212 - DBeaver shutdown completed
