#
# There is insufficient memory for the Java Runtime Environment to continue.
# Native memory allocation (mmap) failed to map 266338304 bytes for G1 virtual space
# Possible reasons:
#   The system is out of physical RAM or swap space
#   The process is running with CompressedOops enabled, and the Java Heap may be blocking the growth of the native heap
# Possible solutions:
#   Reduce memory load on the system
#   Increase physical memory or swap space
#   Check if swap backing store is full
#   Decrease Java heap size (-Xmx/-Xms)
#   Decrease number of Java threads
#   Decrease Java thread stack sizes (-Xss)
#   Set larger code cache with -XX:ReservedCodeCacheSize=
#   JVM is running with Zero Based Compressed Oops mode in which the Java heap is
#     placed in the first 32GB address space. The Java Heap base address is the
#     maximum limit for the native heap growth. Please use -XX:HeapBaseMinAddress
#     to set the Java Heap base and to place the Java Heap above 32GB virtual address.
# This output file may be truncated or incomplete.
#
#  Out of Memory Error (os_windows.cpp:3603), pid=6560, tid=15680
#
# JRE version:  (21.0.9+7) (build )
# Java VM: Java HotSpot(TM) 64-Bit Server VM (21.0.9+7-LTS-338, mixed mode, sharing, tiered, compressed oops, compressed class ptrs, g1 gc, windows-amd64)
# No core dump will be written. Minidumps are not enabled by default on client versions of Windows
#

---------------  S U M M A R Y ------------

Command Line: -Dfile.encoding=UTF-8 -Dstdout.encoding=UTF-8 -Dstderr.encoding=UTF-8 -XX:+ShowCodeDetailsInExceptionMessages kr.com.training.Ex03_Array

Host: 11th Gen Intel(R) Core(TM) i7-11700 @ 2.50GHz, 16 cores, 15G,  Windows 11 , 64 bit Build 26100 (10.0.26100.7623)
Time: Wed Jan 28 16:04:11 2026 elapsed time: 1.024026 seconds (0d 0h 0m 1s)

---------------  T H R E A D  ---------------

Current thread (0x0000025cd47ac750):  JavaThread "Unknown thread" [_thread_in_vm, id=15680, stack(0x000000a90bc00000,0x000000a90bd00000) (1024K)]

Stack: [0x000000a90bc00000,0x000000a90bd00000]
Native frames: (J=compiled Java code, j=interpreted, Vv=VM code, C=native code)
V  [jvm.dll+0x6cbf89]
V  [jvm.dll+0x858421]
V  [jvm.dll+0x85a94e]
V  [jvm.dll+0x85b023]
V  [jvm.dll+0x27ebc6]
V  [jvm.dll+0x6c8705]
V  [jvm.dll+0x6bd26a]
V  [jvm.dll+0x354a0a]
V  [jvm.dll+0x35c686]
V  [jvm.dll+0x3af79e]
V  [jvm.dll+0x3afa48]
V  [jvm.dll+0x328d1c]
V  [jvm.dll+0x32987b]
V  [jvm.dll+0x821739]
V  [jvm.dll+0x3bc481]
V  [jvm.dll+0x80a9b8]
V  [jvm.dll+0x45166e]
V  [jvm.dll+0x453261]
C  [jli.dll+0x52a3]
C  [ucrtbase.dll+0x37b0]
C  [KERNEL32.DLL+0x2e8d7]
C  [ntdll.dll+0x8c53c]


---------------  P R O C E S S  ---------------

Threads class SMR info:
_java_thread_list=0x00007ffc8532fc08, length=0, elements={
}

Java Threads: ( => current thread )
Total: 0

Other Threads:
  0x0000025cd4a29080 WorkerThread "GC Thread#0"                     [id=15472, stack(0x000000a90bd00000,0x000000a90be00000) (1024K)]
  0x0000025cd4a39e00 ConcurrentGCThread "G1 Main Marker"            [id=17220, stack(0x000000a90be00000,0x000000a90bf00000) (1024K)]
  0x0000025cd4a3b790 WorkerThread "G1 Conc#0"                       [id=4020, stack(0x000000a90bf00000,0x000000a90c000000) (1024K)]

[error occurred during error reporting (printing all threads), id 0xc0000005, EXCEPTION_ACCESS_VIOLATION (0xc0000005) at pc=0x00007ffc84a9b4a7]
VM state: not at safepoint (not fully initialized)

VM Mutex/Monitor currently owned by a thread:  ([mutex/lock_event])
[0x00007ffc853a0ef0] Heap_lock - owner thread: 0x0000025cd47ac750

Heap address: 0x0000000702e00000, size: 4050 MB, Compressed Oops mode: Zero based, Oop shift amount: 3

CDS archive(s) mapped at: [0x0000000000000000-0x0000000000000000-0x0000000000000000), size 0, SharedBaseAddress: 0x0000000800000000, ArchiveRelocationMode: 1.
Narrow klass base: 0x0000000000000000, Narrow klass shift: 0, Narrow klass range: 0x0

GC Precious Log:
 CardTable entry size: 512
 Card Set container configuration: InlinePtr #cards 4 size 8 Array Of Cards #cards 16 size 48 Howl #buckets 8 coarsen threshold 3686 Howl Bitmap #cards 512 size 80 coarsen threshold 460 Card regions per heap region 1 cards per card region 4096

Heap:
 garbage-first heap   total 0K, used 0K [0x0000000702e00000, 0x0000000800000000)
  region size 2048K, 0 young (0K), 0 survivors (0K)

[error occurred during error reporting (printing heap information), id 0xc0000005, EXCEPTION_ACCESS_VIOLATION (0xc0000005) at pc=0x00007ffc84e84ff9]
GC Heap History (0 events):
No events

Dll operation events (1 events):
Event: 0.005 Loaded shared library C:\Program Files\Java\jdk-21\bin\java.dll

Deoptimization events (0 events):
No events

Classes loaded (0 events):
No events

Classes unloaded (0 events):
No events

Classes redefined (0 events):
No events

Internal exceptions (0 events):
No events

ZGC Phase Switch (0 events):
No events

VM Operations (0 events):
No events

Events (0 events):
No events


Dynamic libraries:
0x00007ff790540000 - 0x00007ff790550000 	C:\Program Files\Java\jdk-21\bin\javaw.exe
0x00007ffd182e0000 - 0x00007ffd18547000 	C:\WINDOWS\SYSTEM32\ntdll.dll
0x00007ffd167f0000 - 0x00007ffd168b9000 	C:\WINDOWS\System32\KERNEL32.DLL
0x00007ffd15770000 - 0x00007ffd15b5f000 	C:\WINDOWS\System32\KERNELBASE.dll
0x00007ffd15430000 - 0x00007ffd1557b000 	C:\WINDOWS\System32\ucrtbase.dll
0x00007ffd10770000 - 0x00007ffd1078b000 	C:\Program Files\Java\jdk-21\bin\VCRUNTIME140.dll
0x00007ffd09da0000 - 0x00007ffd09db9000 	C:\Program Files\Java\jdk-21\bin\jli.dll
0x00007ffd16080000 - 0x00007ffd16134000 	C:\WINDOWS\System32\ADVAPI32.dll
0x00007ffd174f0000 - 0x00007ffd17599000 	C:\WINDOWS\System32\msvcrt.dll
0x00007ffd17de0000 - 0x00007ffd17e86000 	C:\WINDOWS\System32\sechost.dll
0x00007ffd16140000 - 0x00007ffd16258000 	C:\WINDOWS\System32\RPCRT4.dll
0x00007ffd16620000 - 0x00007ffd167e5000 	C:\WINDOWS\System32\USER32.dll
0x00007ffd15b70000 - 0x00007ffd15b97000 	C:\WINDOWS\System32\win32u.dll
0x00007ffcf1890000 - 0x00007ffcf1b23000 	C:\WINDOWS\WinSxS\amd64_microsoft.windows.common-controls_6595b64144ccf1df_6.0.26100.7309_none_3e05feeae336a044\COMCTL32.dll
0x00007ffd180d0000 - 0x00007ffd180fb000 	C:\WINDOWS\System32\GDI32.dll
0x00007ffd15ba0000 - 0x00007ffd15ccc000 	C:\WINDOWS\System32\gdi32full.dll
0x00007ffd15610000 - 0x00007ffd156b3000 	C:\WINDOWS\System32\msvcp_win.dll
0x00007ffd0f610000 - 0x00007ffd0f61b000 	C:\WINDOWS\SYSTEM32\VERSION.dll
0x00007ffd164d0000 - 0x00007ffd16501000 	C:\WINDOWS\System32\IMM32.DLL
0x00007ffd12450000 - 0x00007ffd1245c000 	C:\Program Files\Java\jdk-21\bin\vcruntime140_1.dll
0x00007ffcf12f0000 - 0x00007ffcf137e000 	C:\Program Files\Java\jdk-21\bin\msvcp140.dll
0x00007ffc84760000 - 0x00007ffc8547d000 	C:\Program Files\Java\jdk-21\bin\server\jvm.dll
0x00007ffd17fc0000 - 0x00007ffd18034000 	C:\WINDOWS\System32\WS2_32.dll
0x00007ffd15290000 - 0x00007ffd152ee000 	C:\WINDOWS\SYSTEM32\POWRPROF.dll
0x00007ffd0b9b0000 - 0x00007ffd0b9e5000 	C:\WINDOWS\SYSTEM32\WINMM.dll
0x00007ffd15270000 - 0x00007ffd15284000 	C:\WINDOWS\SYSTEM32\UMPDC.dll
0x00007ffd141e0000 - 0x00007ffd141fb000 	C:\WINDOWS\SYSTEM32\kernel.appcore.dll
0x00007ffd09d90000 - 0x00007ffd09d9a000 	C:\Program Files\Java\jdk-21\bin\jimage.dll
0x00007ffd03570000 - 0x00007ffd037b2000 	C:\WINDOWS\SYSTEM32\DBGHELP.DLL
0x00007ffd16f30000 - 0x00007ffd172b6000 	C:\WINDOWS\System32\combase.dll
0x00007ffd17d00000 - 0x00007ffd17dd6000 	C:\WINDOWS\System32\OLEAUT32.dll
0x00007ffd02e90000 - 0x00007ffd02ecc000 	C:\WINDOWS\SYSTEM32\dbgcore.DLL
0x00007ffd156c0000 - 0x00007ffd15765000 	C:\WINDOWS\System32\bcryptPrimitives.dll
0x00007ffd03060000 - 0x00007ffd0307f000 	C:\Program Files\Java\jdk-21\bin\java.dll

dbghelp: loaded successfully - version: 4.0.5 - missing functions: none
symbol engine: initialized successfully - sym options: 0x614 - pdb path: .;C:\Program Files\Java\jdk-21\bin;C:\WINDOWS\SYSTEM32;C:\WINDOWS\WinSxS\amd64_microsoft.windows.common-controls_6595b64144ccf1df_6.0.26100.7309_none_3e05feeae336a044;C:\Program Files\Java\jdk-21\bin\server

VM Arguments:
jvm_args: -Dfile.encoding=UTF-8 -Dstdout.encoding=UTF-8 -Dstderr.encoding=UTF-8 -XX:+ShowCodeDetailsInExceptionMessages 
java_command: kr.com.training.Ex03_Array
java_class_path (initial): C:\study\3. Java\javaStudy\bin
Launcher Type: SUN_STANDARD

[Global flags]
     intx CICompilerCount                          = 12                                        {product} {ergonomic}
     uint ConcGCThreads                            = 3                                         {product} {ergonomic}
     uint G1ConcRefinementThreads                  = 13                                        {product} {ergonomic}
   size_t G1HeapRegionSize                         = 2097152                                   {product} {ergonomic}
    uintx GCDrainStackTargetSize                   = 64                                        {product} {ergonomic}
   size_t InitialHeapSize                          = 266338304                                 {product} {ergonomic}
   size_t MarkStackSize                            = 4194304                                   {product} {ergonomic}
   size_t MaxHeapSize                              = 4246732800                                {product} {ergonomic}
   size_t MinHeapDeltaBytes                        = 2097152                                   {product} {ergonomic}
   size_t MinHeapSize                              = 8388608                                   {product} {ergonomic}
    uintx NonNMethodCodeHeapSize                   = 7602480                                {pd product} {ergonomic}
    uintx NonProfiledCodeHeapSize                  = 122027880                              {pd product} {ergonomic}
    uintx ProfiledCodeHeapSize                     = 122027880                              {pd product} {ergonomic}
    uintx ReservedCodeCacheSize                    = 251658240                              {pd product} {ergonomic}
     bool SegmentedCodeCache                       = true                                      {product} {ergonomic}
     bool ShowCodeDetailsInExceptionMessages       = true                                   {manageable} {command line}
   size_t SoftMaxHeapSize                          = 4246732800                             {manageable} {ergonomic}
     bool UseCompressedOops                        = true                           {product lp64_product} {ergonomic}
     bool UseG1GC                                  = true                                      {product} {ergonomic}
     bool UseLargePagesIndividualAllocation        = false                                  {pd product} {ergonomic}

Logging:
Log output configuration:
 #0: stdout all=warning uptime,level,tags foldmultilines=false
 #1: stderr all=off uptime,level,tags foldmultilines=false

Environment Variables:
PATH=C:\Program Files\Common Files\Oracle\Java\javapath;C:\WINDOWS\system32;C:\WINDOWS;C:\WINDOWS\System32\Wbem;C:\WINDOWS\System32\WindowsPowerShell\v1.0\;C:\WINDOWS\System32\OpenSSH\;C:\Program Files\Bandizip\;C:\Program Files\Git\cmd;C:\Program Files\MySQL\MySQL Server 8.0\bin;C:\Users\adminn\AppData\Local\Microsoft\WindowsApps;C:\Users\adminn\AppData\Local\Programs\Microsoft VS Code\bin
USERNAME=adminn
OS=Windows_NT
PROCESSOR_IDENTIFIER=Intel64 Family 6 Model 167 Stepping 1, GenuineIntel
TMP=C:\Users\adminn\AppData\Local\Temp
TEMP=C:\Users\adminn\AppData\Local\Temp




Periodic native trim disabled

---------------  S Y S T E M  ---------------

OS:
 Windows 11 , 64 bit Build 26100 (10.0.26100.7623)
OS uptime: 1 days 2:31 hours

CPU: total 16 (initial active 16) (8 cores per cpu, 2 threads per core) family 6 model 167 stepping 1 microcode 0x40, cx8, cmov, fxsr, ht, mmx, 3dnowpref, sse, sse2, sse3, ssse3, sse4.1, sse4.2, popcnt, lzcnt, tsc, tscinvbit, avx, avx2, aes, erms, clmul, bmi1, bmi2, adx, avx512f, avx512dq, avx512cd, avx512bw, avx512vl, sha, fma, vzeroupper, avx512_vpopcntdq, avx512_vpclmulqdq, avx512_vaes, avx512_vnni, clflush, clflushopt, avx512_vbmi2, avx512_vbmi, rdtscp, rdpid, fsrm, gfni, avx512_bitalg, f16c, pku, avx512_ifma
Processor Information for all 16 processors :
  Max Mhz: 2496, Current Mhz: 2496, Mhz Limit: 2496

Memory: 4k page, system-wide physical 16193M (6209M free)
TotalPageFile size 65345M (AvailPageFile size 210M)
current process WorkingSet (physical memory assigned to process): 12M, peak: 12M
current process commit charge ("private bytes"): 71M, peak: 324M

vm_info: Java HotSpot(TM) 64-Bit Server VM (21.0.9+7-LTS-338) for windows-amd64 JRE (21.0.9+7-LTS-338), built on 2025-09-26T06:33:49Z by "mach5run" with MS VC++ 17.6 (VS2022)

END.
