#
# There is insufficient memory for the Java Runtime Environment to continue.
# Native memory allocation (mmap) failed to map 266338304 bytes for G1 virtual space
# Possible reasons:
#   The system is out of physical RAM or swap space
#   The process is running with CompressedOops enabled, and the Java Heap may be blocking the growth of the native heap
# Possible solutions:
#   Reduce memory load on the system
#   Increase physical memory or swap space
#   Check if swap backing store is full
#   Decrease Java heap size (-Xmx/-Xms)
#   Decrease number of Java threads
#   Decrease Java thread stack sizes (-Xss)
#   Set larger code cache with -XX:ReservedCodeCacheSize=
#   JVM is running with Zero Based Compressed Oops mode in which the Java heap is
#     placed in the first 32GB address space. The Java Heap base address is the
#     maximum limit for the native heap growth. Please use -XX:HeapBaseMinAddress
#     to set the Java Heap base and to place the Java Heap above 32GB virtual address.
# This output file may be truncated or incomplete.
#
#  Out of Memory Error (os_windows.cpp:3603), pid=8152, tid=13888
#
# JRE version:  (21.0.9+7) (build )
# Java VM: Java HotSpot(TM) 64-Bit Server VM (21.0.9+7-LTS-338, mixed mode, sharing, tiered, compressed oops, compressed class ptrs, g1 gc, windows-amd64)
# No core dump will be written. Minidumps are not enabled by default on client versions of Windows
#

---------------  S U M M A R Y ------------

Command Line: -Dfile.encoding=UTF-8 -Dstdout.encoding=UTF-8 -Dstderr.encoding=UTF-8 -XX:+ShowCodeDetailsInExceptionMessages kr.com.training.Ex05_HashMap

Host: 11th Gen Intel(R) Core(TM) i7-11700 @ 2.50GHz, 16 cores, 15G,  Windows 11 , 64 bit Build 26100 (10.0.26100.7623)
Time: Thu Jan 29 16:16:18 2026 elapsed time: 2.023702 seconds (0d 0h 0m 2s)

---------------  T H R E A D  ---------------

Current thread (0x0000023e285adfd0):  JavaThread "Unknown thread" [_thread_in_vm, id=13888, stack(0x0000006c45500000,0x0000006c45600000) (1024K)]

Stack: [0x0000006c45500000,0x0000006c45600000]
Native frames: (J=compiled Java code, j=interpreted, Vv=VM code, C=native code)
V  [jvm.dll+0x6cbf89]
V  [jvm.dll+0x858421]
V  [jvm.dll+0x85a94e]
V  [jvm.dll+0x85b023]
V  [jvm.dll+0x27ebc6]
V  [jvm.dll+0x6c8705]
V  [jvm.dll+0x6bd26a]
V  [jvm.dll+0x354a0a]
V  [jvm.dll+0x35c686]
V  [jvm.dll+0x3af79e]
V  [jvm.dll+0x3afa48]
V  [jvm.dll+0x328d1c]
V  [jvm.dll+0x32987b]
V  [jvm.dll+0x821739]
V  [jvm.dll+0x3bc481]
V  [jvm.dll+0x80a9b8]
V  [jvm.dll+0x45166e]
V  [jvm.dll+0x453261]
C  [jli.dll+0x52a3]
C  [ucrtbase.dll+0x37b0]
C  [KERNEL32.DLL+0x2e8d7]
C  [ntdll.dll+0x8c53c]


---------------  P R O C E S S  ---------------

Threads class SMR info:
_java_thread_list=0x00007ffe1bb0fc08, length=0, elements={
}

Java Threads: ( => current thread )
Total: 0

Other Threads:
  0x0000023e28a3c4b0 WorkerThread "GC Thread#0"                     [id=15944, stack(0x0000006c45600000,0x0000006c45700000) (1024K)]
  0x0000023e28a4d1b0 ConcurrentGCThread "G1 Main Marker"            [id=19052, stack(0x0000006c45700000,0x0000006c45800000) (1024K)]
  0x0000023e28a4eb40 WorkerThread "G1 Conc#0"                       [id=18880, stack(0x0000006c45800000,0x0000006c45900000) (1024K)]

[error occurred during error reporting (printing all threads), id 0xc0000005, EXCEPTION_ACCESS_VIOLATION (0xc0000005) at pc=0x00007ffe1b27b4a7]
VM state: not at safepoint (not fully initialized)

VM Mutex/Monitor currently owned by a thread:  ([mutex/lock_event])
[0x00007ffe1bb80ef0] Heap_lock - owner thread: 0x0000023e285adfd0

Heap address: 0x0000000702e00000, size: 4050 MB, Compressed Oops mode: Zero based, Oop shift amount: 3

CDS archive(s) mapped at: [0x0000000000000000-0x0000000000000000-0x0000000000000000), size 0, SharedBaseAddress: 0x0000000800000000, ArchiveRelocationMode: 1.
Narrow klass base: 0x0000000000000000, Narrow klass shift: 0, Narrow klass range: 0x0

GC Precious Log:
 CardTable entry size: 512
 Card Set container configuration: InlinePtr #cards 4 size 8 Array Of Cards #cards 16 size 48 Howl #buckets 8 coarsen threshold 3686 Howl Bitmap #cards 512 size 80 coarsen threshold 460 Card regions per heap region 1 cards per card region 4096

Heap:
 garbage-first heap   total 0K, used 0K [0x0000000702e00000, 0x0000000800000000)
  region size 2048K, 0 young (0K), 0 survivors (0K)

[error occurred during error reporting (printing heap information), id 0xc0000005, EXCEPTION_ACCESS_VIOLATION (0xc0000005) at pc=0x00007ffe1b664ff9]
GC Heap History (0 events):
No events

Dll operation events (1 events):
Event: 0.004 Loaded shared library C:\Program Files\Java\jdk-21\bin\java.dll

Deoptimization events (0 events):
No events

Classes loaded (0 events):
No events

Classes unloaded (0 events):
No events

Classes redefined (0 events):
No events

Internal exceptions (0 events):
No events

ZGC Phase Switch (0 events):
No events

VM Operations (0 events):
No events

Events (0 events):
No events


Dynamic libraries:
0x00007ff6092a0000 - 0x00007ff6092b0000 	C:\Program Files\Java\jdk-21\bin\javaw.exe
0x00007ffe6f820000 - 0x00007ffe6fa87000 	C:\WINDOWS\SYSTEM32\ntdll.dll
0x00007ffe6dd70000 - 0x00007ffe6de39000 	C:\WINDOWS\System32\KERNEL32.DLL
0x00007ffe6c9a0000 - 0x00007ffe6cd8f000 	C:\WINDOWS\System32\KERNELBASE.dll
0x00007ffe6cfc0000 - 0x00007ffe6d10b000 	C:\WINDOWS\System32\ucrtbase.dll
0x00007ffe67a90000 - 0x00007ffe67aab000 	C:\Program Files\Java\jdk-21\bin\VCRUNTIME140.dll
0x00007ffe5be20000 - 0x00007ffe5be39000 	C:\Program Files\Java\jdk-21\bin\jli.dll
0x00007ffe6e860000 - 0x00007ffe6e914000 	C:\WINDOWS\System32\ADVAPI32.dll
0x00007ffe6e5e0000 - 0x00007ffe6e689000 	C:\WINDOWS\System32\msvcrt.dll
0x00007ffe6de40000 - 0x00007ffe6dee6000 	C:\WINDOWS\System32\sechost.dll
0x00007ffe6e3c0000 - 0x00007ffe6e4d8000 	C:\WINDOWS\System32\RPCRT4.dll
0x00007ffe6edc0000 - 0x00007ffe6ef85000 	C:\WINDOWS\System32\USER32.dll
0x00007ffe491a0000 - 0x00007ffe49433000 	C:\WINDOWS\WinSxS\amd64_microsoft.windows.common-controls_6595b64144ccf1df_6.0.26100.7309_none_3e05feeae336a044\COMCTL32.dll
0x00007ffe6c970000 - 0x00007ffe6c997000 	C:\WINDOWS\System32\win32u.dll
0x00007ffe6d5c0000 - 0x00007ffe6d5eb000 	C:\WINDOWS\System32\GDI32.dll
0x00007ffe6d310000 - 0x00007ffe6d43c000 	C:\WINDOWS\System32\gdi32full.dll
0x00007ffe6cda0000 - 0x00007ffe6ce43000 	C:\WINDOWS\System32\msvcp_win.dll
0x00007ffe66b00000 - 0x00007ffe66b0b000 	C:\WINDOWS\SYSTEM32\VERSION.dll
0x00007ffe6e710000 - 0x00007ffe6e741000 	C:\WINDOWS\System32\IMM32.DLL
0x00007ffe5be10000 - 0x00007ffe5be1c000 	C:\Program Files\Java\jdk-21\bin\vcruntime140_1.dll
0x00007ffe58540000 - 0x00007ffe585ce000 	C:\Program Files\Java\jdk-21\bin\msvcp140.dll
0x00007ffe1af40000 - 0x00007ffe1bc5d000 	C:\Program Files\Java\jdk-21\bin\server\jvm.dll
0x00007ffe6f6f0000 - 0x00007ffe6f764000 	C:\WINDOWS\System32\WS2_32.dll
0x00007ffe6c7d0000 - 0x00007ffe6c82e000 	C:\WINDOWS\SYSTEM32\POWRPROF.dll
0x00007ffe63260000 - 0x00007ffe63295000 	C:\WINDOWS\SYSTEM32\WINMM.dll
0x00007ffe6c7b0000 - 0x00007ffe6c7c4000 	C:\WINDOWS\SYSTEM32\UMPDC.dll
0x00007ffe6b720000 - 0x00007ffe6b73b000 	C:\WINDOWS\SYSTEM32\kernel.appcore.dll
0x00007ffe5a4b0000 - 0x00007ffe5a4ba000 	C:\Program Files\Java\jdk-21\bin\jimage.dll
0x00007ffe5aa10000 - 0x00007ffe5ac52000 	C:\WINDOWS\SYSTEM32\DBGHELP.DLL
0x00007ffe6def0000 - 0x00007ffe6e276000 	C:\WINDOWS\System32\combase.dll
0x00007ffe6e4e0000 - 0x00007ffe6e5b6000 	C:\WINDOWS\System32\OLEAUT32.dll
0x00007ffe59d80000 - 0x00007ffe59dbc000 	C:\WINDOWS\SYSTEM32\dbgcore.DLL
0x00007ffe6cf10000 - 0x00007ffe6cfb5000 	C:\WINDOWS\System32\bcryptPrimitives.dll
0x00007ffe59720000 - 0x00007ffe5973f000 	C:\Program Files\Java\jdk-21\bin\java.dll

dbghelp: loaded successfully - version: 4.0.5 - missing functions: none
symbol engine: initialized successfully - sym options: 0x614 - pdb path: .;C:\Program Files\Java\jdk-21\bin;C:\WINDOWS\SYSTEM32;C:\WINDOWS\WinSxS\amd64_microsoft.windows.common-controls_6595b64144ccf1df_6.0.26100.7309_none_3e05feeae336a044;C:\Program Files\Java\jdk-21\bin\server

VM Arguments:
jvm_args: -Dfile.encoding=UTF-8 -Dstdout.encoding=UTF-8 -Dstderr.encoding=UTF-8 -XX:+ShowCodeDetailsInExceptionMessages 
java_command: kr.com.training.Ex05_HashMap
java_class_path (initial): C:\study\3. Java\javaStudy\bin
Launcher Type: SUN_STANDARD

[Global flags]
     intx CICompilerCount                          = 12                                        {product} {ergonomic}
     uint ConcGCThreads                            = 3                                         {product} {ergonomic}
     uint G1ConcRefinementThreads                  = 13                                        {product} {ergonomic}
   size_t G1HeapRegionSize                         = 2097152                                   {product} {ergonomic}
    uintx GCDrainStackTargetSize                   = 64                                        {product} {ergonomic}
   size_t InitialHeapSize                          = 266338304                                 {product} {ergonomic}
   size_t MarkStackSize                            = 4194304                                   {product} {ergonomic}
   size_t MaxHeapSize                              = 4246732800                                {product} {ergonomic}
   size_t MinHeapDeltaBytes                        = 2097152                                   {product} {ergonomic}
   size_t MinHeapSize                              = 8388608                                   {product} {ergonomic}
    uintx NonNMethodCodeHeapSize                   = 7602480                                {pd product} {ergonomic}
    uintx NonProfiledCodeHeapSize                  = 122027880                              {pd product} {ergonomic}
    uintx ProfiledCodeHeapSize                     = 122027880                              {pd product} {ergonomic}
    uintx ReservedCodeCacheSize                    = 251658240                              {pd product} {ergonomic}
     bool SegmentedCodeCache                       = true                                      {product} {ergonomic}
     bool ShowCodeDetailsInExceptionMessages       = true                                   {manageable} {command line}
   size_t SoftMaxHeapSize                          = 4246732800                             {manageable} {ergonomic}
     bool UseCompressedOops                        = true                           {product lp64_product} {ergonomic}
     bool UseG1GC                                  = true                                      {product} {ergonomic}
     bool UseLargePagesIndividualAllocation        = false                                  {pd product} {ergonomic}

Logging:
Log output configuration:
 #0: stdout all=warning uptime,level,tags foldmultilines=false
 #1: stderr all=off uptime,level,tags foldmultilines=false

Environment Variables:
PATH=C:\Program Files\Common Files\Oracle\Java\javapath;C:\WINDOWS\system32;C:\WINDOWS;C:\WINDOWS\System32\Wbem;C:\WINDOWS\System32\WindowsPowerShell\v1.0\;C:\WINDOWS\System32\OpenSSH\;C:\Program Files\Bandizip\;C:\Program Files\Git\cmd;C:\Program Files\MySQL\MySQL Server 8.0\bin;C:\Users\adminn\AppData\Local\Microsoft\WindowsApps;C:\Users\adminn\AppData\Local\Programs\Microsoft VS Code\bin
USERNAME=adminn
OS=Windows_NT
PROCESSOR_IDENTIFIER=Intel64 Family 6 Model 167 Stepping 1, GenuineIntel
TMP=C:\Users\adminn\AppData\Local\Temp
TEMP=C:\Users\adminn\AppData\Local\Temp




Periodic native trim disabled

---------------  S Y S T E M  ---------------

OS:
 Windows 11 , 64 bit Build 26100 (10.0.26100.7623)
OS uptime: 1 days 0:09 hours

CPU: total 16 (initial active 16) (8 cores per cpu, 2 threads per core) family 6 model 167 stepping 1 microcode 0x40, cx8, cmov, fxsr, ht, mmx, 3dnowpref, sse, sse2, sse3, ssse3, sse4.1, sse4.2, popcnt, lzcnt, tsc, tscinvbit, avx, avx2, aes, erms, clmul, bmi1, bmi2, adx, avx512f, avx512dq, avx512cd, avx512bw, avx512vl, sha, fma, vzeroupper, avx512_vpopcntdq, avx512_vpclmulqdq, avx512_vaes, avx512_vnni, clflush, clflushopt, avx512_vbmi2, avx512_vbmi, rdtscp, rdpid, fsrm, gfni, avx512_bitalg, f16c, pku, avx512_ifma
Processor Information for all 16 processors :
  Max Mhz: 2496, Current Mhz: 2496, Mhz Limit: 2496

Memory: 4k page, system-wide physical 16193M (3124M free)
TotalPageFile size 65345M (AvailPageFile size 29M)
current process WorkingSet (physical memory assigned to process): 12M, peak: 12M
current process commit charge ("private bytes"): 71M, peak: 325M

vm_info: Java HotSpot(TM) 64-Bit Server VM (21.0.9+7-LTS-338) for windows-amd64 JRE (21.0.9+7-LTS-338), built on 2025-09-26T06:33:49Z by "mach5run" with MS VC++ 17.6 (VS2022)

END.
